<?xml version="1.0" encoding="utf-8" standalone="no"?>
<!--This file represents the results of running a test suite-->
<test-results name="C:\Users\Asus\source\repos\TugasLibraryUnitTest\TugasLibraryUnitTest\bin\Debug\TugasLibraryUnitTest.dll" total="0" errors="0" failures="0" not-run="1" inconclusive="0" ignored="0" skipped="0" invalid="1" date="2021-10-28" time="22:16:36">
  <environment nunit-version="2.6.4.14350" clr-version="2.0.50727.9151" os-version="Microsoft Windows NT 6.2.9200.0" platform="Win32NT" cwd="C:\WINDOWS\system32" machine-name="LAPTOP-KMTRGH1E" user="Asus" user-domain="LAPTOP-KMTRGH1E" />
  <culture-info current-culture="en-US" current-uiculture="en-US" />
  <test-suite type="Assembly" name="C:\Users\Asus\source\repos\TugasLibraryUnitTest\TugasLibraryUnitTest\bin\Debug\TugasLibraryUnitTest.dll" executed="True" result="Failure" success="False" time="0.033" asserts="0">
    <results>
      <test-suite type="Namespace" name="TugasLibraryUnitTest" executed="True" result="Failure" success="False" time="0.020" asserts="0">
        <results>
          <test-suite type="TestFixture" name="Day" executed="True" result="Failure" success="False" time="0.019" asserts="0">
            <results>
              <test-case name="TugasLibraryUnitTest.Day.NameOfDay" executed="False" result="NotRunnable">
                <reason>
                  <message><![CDATA[No arguments were provided]]></message>
                </reason>
              </test-case>
            </results>
          </test-suite>
        </results>
      </test-suite>
    </results>
  </test-suite>
</test-results>